[2025-11-19 00:23:51] [INFO] [PID:3346] Epoll处理器创建成功，最大事件数: 1024
[2025-11-19 00:23:51] [INFO] [PID:3346] Epoll事件循环开始
[2025-11-19 00:24:10] [INFO] [PID:3391] Epoll处理器创建成功，最大事件数: 1024
[2025-11-19 00:24:10] [INFO] [PID:3391] Epoll事件循环开始
[2025-11-19 00:25:53] [INFO] [PID:3442] Epoll处理器创建成功，最大事件数: 1024
[2025-11-19 00:25:53] [INFO] [PID:3442] Epoll事件循环开始
[2025-11-19 00:26:34] [INFO] [PID:3495] Epoll处理器创建成功，最大事件数: 1024
[2025-11-19 00:26:34] [INFO] [PID:3495] Epoll事件循环开始
[2025-11-19 00:27:42] [DEBUG] [PID:3495] epoll_wait返回 1 个就绪事件
[2025-11-19 00:27:42] [INFO] [PID:3495] 新连接: 127.0.0.1:45688
[2025-11-19 00:27:42] [DEBUG] [PID:3495] epoll_wait返回 1 个就绪事件
[2025-11-19 00:27:42] [DEBUG] [PID:3495] 客户端任务已添加到线程池
[2025-11-19 00:27:42] [DEBUG] [PID:3495] epoll_wait返回 1 个就绪事件
[2025-11-19 00:27:42] [INFO] [PID:3495] 新连接: 127.0.0.1:45694
[2025-11-19 00:27:42] [DEBUG] [PID:3495] epoll_wait返回 1 个就绪事件
[2025-11-19 00:27:42] [DEBUG] [PID:3495] 客户端任务已添加到线程池
[2025-11-19 00:27:43] [DEBUG] [PID:3442] epoll_wait返回 1 个就绪事件
[2025-11-19 00:27:43] [INFO] [PID:3442] 新连接: 127.0.0.1:51166
[2025-11-19 00:27:43] [DEBUG] [PID:3442] epoll_wait返回 1 个就绪事件
[2025-11-19 00:27:43] [DEBUG] [PID:3442] 客户端任务已添加到线程池
[2025-11-19 00:27:44] [DEBUG] [PID:3442] epoll_wait返回 1 个就绪事件
[2025-11-19 00:27:44] [INFO] [PID:3442] 新连接: 127.0.0.1:51168
[2025-11-19 00:27:44] [DEBUG] [PID:3442] epoll_wait返回 1 个就绪事件
[2025-11-19 00:27:44] [DEBUG] [PID:3442] 客户端任务已添加到线程池
